[    .00000] Initializing cgroup subsys puet
[    0.000000] Initialzig cgroup subsys cpu
[    0.000000] Initializing cgroup subsys cpuacct
[    0.00000] Lnu vrsion 4.4.0-47-generic (build@l01-03) (gcc version 5.4.0 20160609 (Ubuntu 5.4.0-6ubuntu1~16.04.2) ) #68-Ubuntu SMP ed Oct 2 19:39:52 UTC 2016 (Ubuntu 4.4.0-47.68-generic 4.4.24)
[    0.00000] Command line: BOOT_IMAGE=/boot/vmlinuz-4.4.0-47geeric root=UUID=c54032bf-c5f6-449-9e20-032df1aaa161 ro console=tty1 console=ttyS0
[    0.000000] KERNEL supported cpus
[   0.000000]   Intel GenuineIntel
[    0.000000]   AMD AuthenticAMD
[    0.000000]   Centaur CentaurHauls
[   .000000] x86fp: xstte_offset[2]:  576, xstate_sizes[2]:  256
[    0.000000] x6/fu:Supporting XSAVE feature 0x01: 'x87 floating point registers'
[    0.000000] x86/fpu: Supporting XSAVE feature 0x02: 'SSE registers'
[    0.000000] x86/fpu: pprting XSAVE feature 0x04: 'AVX registers'
[    0.000000] x86/fpu: Enabled xstate features 0x7, context sie i 832 bytes, using 'standard' format.
[    0.000000] x86/fpu: Using 'lazy' FPU context switches.
[   0.000000] e820: BIOS-provided physical RAM map:[    0.000000] BIOS-e820: [mem 0x0000000000000-0x000000000009bff] usable
[    0.000000] BIOS-e820: [mem 0x000000000009fc00-0x000000000009ffff] reserved
[    0.000000] BIOS-e820: [mem 0x00000000000f0000-0x0000000000fffff] served
[   000000 BS-e820: [mem 0x000000000010000-0x00000003ffff] usable
[    0.0000] BIOS-e820: [mem 0x000000003fff0000-0x000000003fffffff] ACPI data
[    0.000000] BIOS-e820: [mem 0x00000000fffc0000-0x00000000ffffffff] reserved
[    0.000000] NX (Execute Disable) protection: active
[    0.00000] SMBIOS 2.5 present.
[    0.0000 Hypersodetected: K
    0.000000] e820: last_pfn = 0x3fff0 max_arch_pfn = 0x000000    0.000000] MTRR: Disabled
[    0.0000] x86/PAT: MTRs isbled, kipig PT itializatn too.
[    0.000000] x86/AT: Confguration[0-7]: WB  WT  UC- UC WB  WT  UC- UC  
[    0.000000] CPU MTRRs all blank - virtualized system.
[    0.00000 fndSMP MP-table at [mem x09fff0-0x009fff mapped at [ffff88000009fff0]
[    0.000000] Scanning 1 areas for low memory corruption
[    0.000000] RAMDISK: [mem 0x36b10000-0x3757ffff]
[    0.000000]CPI: Early table cheks vrificti disbld
[   00000] PI: RSDP 0x00000000E0000004 v0 VBOX  )
[    0.000000] AI:XSDT 0x000000003FFF0030 00003C (v01 VBOX   VBOXXSDT 00001 AL 000061)[   0.000] AC: ACP0x0000003FFF0F0 000F4 (04BOX   VXFACP 00000001 ASL  00000061)
[    0.000000] ACPI: DSDT 0x000000003FFF0470 002118 (v01 VBOX VBXBIO 000002 TL20100528
   0.0000]ACPI: FACS 0x000003FFF0200 000040
[    0.000000] ACPI: FACS0x000000FF020 000
[  000000 API: PI 0000000FF240 00005C (v02 VBOX   VBOXAPI 000001 L 00000061)
[    0.000000] ACPI: SSDT 0x000000003FFF02A0 0001CC (v01 VBOX   VBOXCPUT 00000002 INTL 20100528)
[    0.00000] No NUMA configuration found
[    0.000000] Faking a node at [mem 0x0000000000000000-0x000000003ffeffff]
[    0.000000] NODE_DATA(0) llocated [me 03ffeb000-0x3ffeffff]
[    0.000000] kvm-clock: Using msrs 4b564d01 and 4b564d00
[    0.000000] kvm-clock: cpu 0, msr 0:3ffe7001, primay cpu clock
[    0.00000] kvm-clock: using sched ffset of 3923706476 cycles
[    0.000000] clocksource: kvm-clock: mask: 0xffffffffffffffff max_cycles: 0x1cd42e4dffb, max_idle_ns: 881590591483 ns
[   0.000000] Zone ranges:
[    0.000000]   DMA      [mem 0x0000000000001000-0x000000000fffff]
[    0.000000]   DMA32    [mem 0x0000000001000000-0x000000003ffeffff]
  0.0000]  Nmal   empty
[    0.000000] Dvice   empty
[   .0000] Movable zone start for each node
[    0.000000] Early memory node ranges
[    0.000000]   node   0: [mem 0x0000000000001000-0x000000000009efff]
[    0.000000]   node   0: [mem 0x0000000000100000-0x000000003ffeffff]
[    0.0000 Initmem setup node 0me 0x0000000000001000-00000003ffeffff]
[    0.000000] ACPI: PM-Timer IO Port: 0x4008
[    0.000000] IOAPIC[0]: apic_id 2, version 17, address 0xfec00000, GSI 0-23
[    0.000] ACP IT_S_OR (bus 0 bus_irq 0 global_irq 2 dfl dfl)    0.000000] ACPI: INT_SRC_OVR (bus 0 bus_irq 9 globalrq9 high evel)
[    0.000000] Using ACPI (MADT) for SMP configuration informaio
[    0.000000] smpboot: Allowing 2 CPUs, 0 hotplug CPUs
[    0.000000] PM: Registered nosave memory: [mem 0x00000000-0x00000fff]
[    0.000000] PM: Registered nosav memory: [mem 0x0009f000-0x0009ffff]
[    0.000000] PM: Restered nosave memory: [mem 0x000a0000-0x000effff]
[    0.000000] PM: Registered nosave memory: [mem 0x000f0000-0x000fffff]
[   0.000000] e820: [mem 0x40000000-0xfffbffff] available forPCI devces
[   0.000] Boting paravirtualized kernel on KV
[   000000] cocourc: fiedjiie: as 0xffffffff max_yces 0xfffff, ma_idlens 745519600211568 ns
[    0.000000] setup_percpu: NR_CPUS:256 nr_cpuas_bts56 nrpuid:2r_node_ids:1
[    0.000000] PERCPU: Embedded 33 pages/cpu @ffff88003fc00000 s98008 r8192 d28968 u1048576
[    0.000000] PV qspinlock hash table entries 2 (orer0, 4096 bytes)
[    0.000000] Built 1 zonelists in Node order, mobility grouping on.  Total pages: 257913
[    0.000000] Policy zone: DMA32
[    0.000000] Kernel command line: BOOT_IMAGE=/boot/mlinuz.4.0-47-generic root=UUID=c54032bf-c5f6-4949-9e20-032df1aaa161 ro console=tty1 console=ttyS0
[    0.00000 PID shtable entries: 4096 (order: 3, 32768 byte)[   0.0000] Memory: 1001944K/1048120K available (8423K kernel code, 1285K rwdata, 3952K rodata, 1480K init, 1292K bss, 46176K reserved, 0K cma-reserved)
[    0.000000] SLUB: HWalign=64, Order=0-3, MinObjects=0, CPUs=2, Nodes=1
[    0.000000] Hierarchical RCU implementation.
[    0.000000] 	Build-time adjustent of leaf fanout to 64.
[    0.000000] 	RCU restricting CPUs from NR_CPUS=256 to nr_cpu_ids=2.
[    0.000000] RCU: Adjustin geomryforrc_fnout_lef=, nr_puids=2
[    .000000NR_RQ:160 r_irq44 1
   0.0000] onso: clour GA+ 8x25
[    0.000000] console [tty1] enabled
[    0.000000] consol [tyS0] enaed
[    0.000000] tsc: Detected 2699.998 MHz processor
[    7.429018] Calibrating delay loop (skipped) preset value.. 5399.99 BogoMIPS (lpj=10799992)
[    7.433435] pid_max: default: 32768 minimum: 301
[    7.452676] ACPI: Core revision 20150930
[    7.477646] ACPI: 2 ACPI AML tables successfully acquired and loaded
[    7.530668] Security Framework initialized
[    7.588133] Yama: becoming mindful.
[    7.598712] AppArmor: AppArmor initialized
[    7.604870] Dentry cache hash table entries: 131072 (order: 8, 1048576 bytes)
[    7.661085] Inode-cache hash table entries: 65536 (order: 7, 524288 bytes)
[    7.774935] Mount-cache hash table entries: 2048 (order: 2, 16384 bytes)
[    7.852374] Mountpoint-cache hash table entries: 2048 (order: 2, 16384 bytes)
[    7.901008] Initializing cgroup subsys io
[    7.902301] Initializing cgroup subsys memory
[    7.936818] Initializing cgroup subsys devices
[    7.979018] Initializing cgroup subsys freezer
[    8.001081] Initializing cgroup subsys net_cls
[    8.028511] Initializing cgroup subsys perf_event
[    8.029625] Initializing cgroup subsys net_prio
[    8.030702] Initializing cgroup subsys hugetlb
[    8.031780] Initializing cgroup subsys pids
[    8.058743] CPU: Physical Processor ID: 0
[    8.096941] CPU: Processor Core ID: 0
[    8.149386] mce: CPU supports 0 MCE banks
[    8.168632] Last level iTLB entries: 4KB 64, 2MB 8, 4MB 8
[    8.181561] Last level dTLB entries: 4KB 64, 2MB 0, 4MB 0, 1GB 4
[    8.201695] Freeing SMP alternatives memory: 32K (ffffffff820b5000 - ffffffff820bd000)
[    8.220244] ftrace: allocating 32047 entries in 126 pages
[    8.284386] smpboot: Max logical packages: 1
[    8.306888] smpboot: APIC(0) Converting physical 0 to logical package 0
[    8.333768] ..TIMER: vector=0x30 apic1=0 pin1=2 apic2=-1 pin2=-1
[    8.444135] smpboot: CPU0: Intel(R) Core(TM) i5-5257U CPU @ 2.70GHz (family: 0x6, model: 0x3d, stepping: 0x4)
[    8.463264] Performance Events: unsupported p6 CPU model 61 no PMU driver, software events only.
[    8.483450] KVM setup paravirtual spinlock
[    8.485124] x86: Booting SMP configuration:
[    8.486258] .... node  #0, CPUs:      #1
[    8.487630] kvm-clock: cpu 1, msr 0:3ffe7041, secondary cpu clock
[    8.514238] mce: CPU supports 0 MCE banks
[    8.526347] x86: Booted up 1 node, 2 CPUs
[    8.533105] smpboot: Total of 2 processors activated (10799.99 BogoMIPS)
[    8.542760] devtmpfs: initialized
[    8.582408] evm: security.selinux
[    8.594731] evm: security.SMACK64
[    8.608169] evm: security.SMACK64EXEC
[    8.615071] evm: security.SMACK64TRANSMUTE
[    8.625030] evm: security.SMACK64MMAP
[    8.645600] evm: security.ima
[    8.646428] evm: security.capability
[    8.669647] clocksource: jiffies: mask: 0xffffffff max_cycles: 0xffffffff, max_idle_ns: 7645041785100000 ns
[    8.701175] pinctrl core: initialized pinctrl subsystem
[    8.702928] RTC time:  8:31:31, date: 11/27/16
[    8.707309] NET: Registered protocol family 16
[    8.768418] cpuidle: using governor ladder
[    8.788510] cpuidle: using governor menu
[    8.824613] PCCT header not found.
[    8.829010] ACPI: bus type PCI registered
[    8.837171] acpiphp: ACPI Hot Plug PCI Controller Driver version: 0.5
[    8.851720] PCI: Using configuration type 1 for base access
[    8.865685] ACPI: Added _OSI(Module Device)
[    8.879744] ACPI: Added _OSI(Processor Device)
[    8.895986] ACPI: Added _OSI(3.0 _SCP Extensions)
[    8.909234] ACPI: Added _OSI(Processor Aggregator Device)
[    8.919715] ACPI: Executed 1 blocks of module-level executable AML code
[    8.951099] ACPI: Interpreter enabled
[    8.959889] ACPI: (supports S0 S5)
[    8.964217] ACPI: Using IOAPIC for interrupt routing
[    8.981862] PCI: Using host bridge windows from ACPI; if necessary, use "pci=nocrs" and report a bug
[    9.015629] ACPI: PCI Root Bridge [PCI0] (domain 0000 [bus 00-ff])
[    9.032181] acpi PNP0A03:00: _OSC: OS supports [ASPM ClockPM Segments MSI]
[    9.051903] acpi PNP0A03:00: _OSC failed (AE_NOT_FOUND); disabling ASPM
[    9.061235] acpi PNP0A03:00: fail to add MMCONFIG information, can't access extended PCI configuration space under this bridge.
[    9.091750] PCI host bridge to bus 0000:00
[    9.101865] pci_bus 0000:00: root bus resource [io  0x0000-0x0cf7 window]
[    9.129617] pci_bus 0000:00: root bus resource [io  0x0d00-0xffff window]
[    9.141874] pci_bus 0000:00: root bus resource [mem 0x000a0000-0x000bffff window]
[    9.149743] pci_bus 0000:00: root bus resource [mem 0x40000000-0xffdfffff window]
[    9.176193] pci_bus 0000:00: root bus resource [bus 00-ff]
[    9.181386] pci 0000:00:01.1: legacy IDE quirk: reg 0x10: [io  0x01f0-0x01f7]
[    9.191974] pci 0000:00:01.1: legacy IDE quirk: reg 0x14: [io  0x03f6]
[    9.193846] pci 0000:00:01.1: legacy IDE quirk: reg 0x18: [io  0x0170-0x0177]
[    9.227657] pci 0000:00:01.1: legacy IDE quirk: reg 0x1c: [io  0x0376]
[    9.278606] ACPI: PCI Interrupt Link [LNKA] (IRQs 5 9 10 11) *0, disabled.
[    9.314536] ACPI: PCI Interrupt Link [LNKB] (IRQs 5 9 10 *11)
[    9.328015] ACPI: PCI Interrupt Link [LNKC] (IRQs 5 9 *10 11)
[    9.366715] ACPI: PCI Interrupt Link [LNKD] (IRQs 5 *9 10 11)
[    9.369276] ACPI: Enabled 2 GPEs in block 00 to 07
[    9.389416] vgaarb: setting as boot device: PCI:0000:00:02.0
[    9.415349] vgaarb: device added: PCI:0000:00:02.0,decodes=io+mem,owns=io+mem,locks=none
[    9.451267] vgaarb: loaded
[    9.471802] vgaarb: bridge control possible 0000:00:02.0
[    9.479379] SCSI subsystem initialized
[    9.499238] ACPI: bus type USB registered
[    9.538588] usbcore: registered new interface driver usbfs
[    9.578523] usbcore: registered new interface driver hub
[    9.585298] usbcore: registered new device driver usb
[    9.601227] PCI: Using ACPI for IRQ routing
[    9.617500] NetLabel: Initializing
[    9.633305] NetLabel:  domain hash size = 128
[    9.646810] NetLabel:  protocols = UNLABELED CIPSOv4
[    9.648305] NetLabel:  unlabeled traffic allowed by default
[    9.650120] amd_nb: Cannot enumerate AMD northbridges
[    9.651405] clocksource: Switched to clocksource kvm-clock
[    9.666868] AppArmor AppArmor Filesystem Enabled
[   .7199 p: PnP ACPI init
[  9903822] pnp: PnP ACPI: found 3 devices

[  9.996176] clocksource: acpi_pm: mak: xffffff max_cycles: 0xfffff, ax_idle_ns: 2085701024 ns   10.3899]NE Ristre potol family 2

[   10.786] P stlished hash table entie 82 (orde:  6536 bytes)
[  1.180 T bind hash table entries: 8192 (rd: 5, 131072 bytes
[ 11871]CP: Hah tbles configured (estblhed 81 bd 8192)
[   12.174019] UDP hash table entries:512 (order: 2, 16384 bytes)
[  12009UD-Le shab eri: 2 orr:, 38bytes)
[   13.00742] ET: Registered protocol family 1
[   13.073461] pci 0000:00:00.0: Limiting direct PCI/PCI transfers
[   13.074937] pci 0000:00:01.0: Activating ISA DMA hang workarounds
[   13.07652 Ting o unpckrotfs iges itamfs...

[ 13060]rein itr mmory: 1688K (ffff880036b10000 - ffff880037800)
[  12288] APPMdectd, API unit is 2^-32 Joules, 4 fixed counters 10737418240 ms ovfl timer
[   14.563962] hw unit of domain pp0-core 2^-0 Joules
[   14.565095] hw unit of domain package 2^-0 Joules
[  1.566345] hw unit of domain dram 2^-0 Joules

[   14.651122] hw unit of domain pp1-gpu 2^-0 Joules
[   14.660420] platform rtc_cmos: registered platform RTC device (no PNP device found)
[   14.688343] Scanning for low memory corruption every 60 seconds
[   14.699971] futex hash table entries: 512 (order: 3, 32768 bytes)
[   14.710922] audit: initializing netlink subsys (disabled)
[   14.725734] audit: type=2000 audit(1480235493.823:1): initialized
[   14.733883] Initialise system trusted keyring
[   14.751002] HugeTLB registered 2 MB page size, pre-allocated 0 pages
[   14.775235] zbud: loaded
[   14.785460] VFS: Disk quotas dquot_6.6.0
[   14.793951] VFS: Dquot-cache hash table entries: 512 (order 0, 4096 bytes)
[   14.821399] squashfs: version 4.0 (2009/01/31) Phillip Lougher
[   14.828208] fuse init (API version 7.23)
[   14.852621] Key type big_key registered
[   14.874769] Allocating IMA MOK and blacklist keyrings.
[   14.878034] Key type asymmetric registered
[   14.900541] Asymmetric key parser 'x509' registered
[   14.905380] Block layer SCSI generic (bsg) driver version 0.4 loaded (major 249)
[   14.916942] io scheduler noop registered
[   14.938099] io scheduler deadline registered (default)
[   14.949376] io scheduler cfq registered
[   14.953060] pci_hotplug: PCI Hot Plug PCI Core version: 0.5
[   14.982002] pciehp: PCI Express Hot Plug Controller Driver version: 0.4
[   15.007257] ACPI: AC Adapter [AC] (off-line)
[   15.039588] input: Power Button as /devices/LNXSYSTM:00/LNXPWRBN:00/input/input0
[   15.084339] ACPI: Power Button [PWRF]
[   15.114584] input: Sleep Button as /devices/LNXSYSTM:00/LNXSLPBN:00/input/input1
[   15.138584] ACPI: Sleep Button [SLPF]
[   15.149180] ACPI: Battery Slot [BAT0] (battery present)
[   15.152202] GHES: HEST is not enabled!
[   15.169754] Serial: 8250/16550 driver, 32 ports, IRQ sharing enabled
[   15.204280] 00:02: ttyS0 at I/O 0x3f8 (irq = 4, base_baud = 115200) is a 16550A
[   15.220821] Linux agpgart interface v0.103
[   15.256129] brd: module loaded
[   15.282281] loop: module loaded
[   15.324800] scsi host0: ata_piix
[   15.341590] scsi host1: ata_piix
[   15.349353] ata1: PATA max UDMA/33 cmd 0x1f0 ctl 0x3f6 bmdma 0xd000 irq 14
[   15.350857] ata2: PATA max UDMA/33 cmd 0x170 ctl 0x376 bmdma 0xd008 irq 15
[   15.352463] libphy: Fixed MDIO Bus: probed
[   15.353487] tun: Universal TUN/TAP device driver, 1.6
[   15.408501] tun: (C) 1999-2004 Max Krasnyansky <maxk@qualcomm.com>
[   15.445720] PPP generic driver version 2.4.2
[   15.497703] ehci_hcd: USB 2.0 'Enhanced' Host Controller (EHCI) Driver
[   15.558382] ehci-pci: EHCI PCI platform driver
[   15.578931] ehci-platform: EHCI generic platform driver
[   15.704779] tsc: Refined TSC clocksource calibration: 2702.100 MHz
[   15.746790] clocksource: tsc: mask: 0xffffffffffffffff max_cycles: 0x26f2fde1f1c, max_idle_ns: 440795209312 ns
[   15.746858] ohci_hcd: USB 1.1 'Open' Host Controller (OHCI) Driver
[   15.746881] ohci-pci: OHCI PCI platform driver
[   15.746930] ohci-platform: OHCI generic platform driver
[   15.746942] uhci_hcd: USB Universal Host Controller Interface driver
[   15.747068] i8042: PNP: PS/2 Controller [PNP0303:PS2K,PNP0f03:PS2M] at 0x60,0x64 irq 1,12
[   15.747681] serio: i8042 KBD port at 0x60,0x64 irq 1
[   15.747689] serio: i8042 AUX port at 0x60,0x64 irq 12
[   15.775638] mousedev: PS/2 mouse device common for all mice
[   15.776187] input: AT Translated Set 2 keyboard as /devices/platform/i8042/serio0/input/input2
[   15.776644] rtc_cmos rtc_cmos: rtc core: registered rtc_cmos as rtc0
[   15.776752] rtc_cmos rtc_cmos: alarms up to one day, 114 bytes nvram
[   15.776764] i2c /dev entries driver
[   15.776944] device-mapper: uevent: version 1.0.3
[   15.777038] device-mapper: ioctl: 4.34.0-ioctl (2015-10-28) initialised: dm-devel@redhat.com
[   15.777052] ledtrig-cpu: registered to indicate activity on CPUs
[   15.777404] NET: Registered protocol family 10
[   15.777580] NET: Registered protocol family 17
[   15.777594] Key type dns_resolver registered
[   15.777770] microcode: CPU0 sig=0x306d4, pf=0x40, revision=0x0
[   15.792459] microcode: CPU1 sig=0x306d4, pf=0x40, revision=0x0
[   15.792535] microcode: Microcode Update Driver: v2.01 <tigran@aivazian.fsnet.co.uk>, Peter Oruba
[   15.792647] registered taskstats version 1
[   15.792660] Loading compiled-in X.509 certificates
[   15.793219] Loaded X.509 cert 'Build time autogenerated kernel key: f7bc719d96df7c6d6fed8f4b9fd5d4ff001383c8'
[   15.793236] zswap: loaded using pool lzo/zbud
[   15.794459] Key type trusted registered
[   15.796489] Key type encrypted registered
[   15.796495] AppArmor: AppArmor sha1 policy hashing enabled
[   15.796497] ima: No TPM chip found, activating TPM-bypass!
[   15.796513] evm: HMAC attrs: 0x1
[   15.796750]   Magic number: 8:385:524
[   15.805405] rtc_cmos rtc_cmos: setting system clock to 2016-11-27 08:31:38 UTC (1480235498)
[   15.805524] BIOS EDD facility v0.16 2004-Jun-25, 0 devices found
[   15.805524] EDD information not available.
[   16.289890] Freeing unused kernel memory: 1480K (ffffffff81f43000 - ffffffff820b5000)
[   17.901350] Write protecting the kernel read-only data: 14336k
[   17.987419] Freeing unused kernel memory: 1804K (ffff88000183d000 - ffff880001a00000)
[   18.073732] Freeing unused kernel memory: 144K (ffff880001ddc000 - ffff880001e00000)
Loading, please wait...
starting version 229
[   18.091154] random: systemd-udevd: uninitialized urandom read (16 bytes read, 7 bits of entropy available)
[   18.108774] random: udevadm: uninitialized urandom read (16 bytes read, 7 bits of entropy available)
[   18.108806] random: udevadm: uninitialized urandom read (16 bytes read, 7 bits of entropy available)
[   18.108898] random: udevadm: uninitialized urandom read (16 bytes read, 7 bits of entropy available)
[   18.108933] random: udevadm: uninitialized urandom read (16 bytes read, 7 bits of entropy available)
[   18.108967] random: udevadm: uninitialized urandom read (16 bytes read, 7 bits of entropy available)
[   18.108999] random: udevadm: uninitialized urandom read (16 bytes read, 7 bits of entropy available)
[   18.109030] random: udevadm: uninitialized urandom read (16 bytes read, 7 bits of entropy available)
[   18.109062] random: udevadm: uninitialized urandom read (16 bytes read, 7 bits of entropy available)
[   18.109092] random: udevadm: uninitialized urandom read (16 bytes read, 7 bits of entropy available)
[   18.430462] e1000: Intel(R) PRO/1000 Network Driver - version 7.3.21-k8-NAPI
[   18.448184] e1000: Copyright (c) 1999-2006 Intel Corporation.
[   18.451290] Fusion MPT base driver 3.04.20
[   18.459100] Copyright (c) 1999-2008 LSI Corporation
[   18.499952] AVX version of gcm_enc/dec engaged.
[   18.502487] AES CTR mode by8 optimization enabled
[   18.505216] Fusion MPT SPI Host driver 3.04.20
[   18.724717] input: ImExPS/2 Generic Explorer Mouse as /devices/platform/i8042/serio1/input/input4
[   18.930982] e1000 0000:00:03.0 eth0: (PCI:33MHz:32-bit) 02:b6:a4:d7:19:c6
[   19.409686] e1000 0000:00:03.0 eth0: Intel(R) PRO/1000 Network Connection
[   19.961005] mptbase: ioc0: Initiating bringup
[   19.993665] e1000 0000:00:03.0 enp0s3: renamed from eth0
[   20.088313] ioc0: LSI53C1030 A0: Capabilities={Initiator}
[   20.359525] scsi host2: ioc0: LSI53C1030 A0, FwRev=00000000h, Ports=1, MaxQ=256, IRQ=20
[   20.492848] scsi 2:0:0:0: Direct-Access     VBOX     HARDDISK         1.0  PQ: 0 ANSI: 5
[   22.083244] floppy0: no floppy controllers found
[   22.113844] scsi target2:0:0: Beginning Domain Validation
[   22.151085] scsi target2:0:0: Domain Validation skipping write tests
[   22.168389] scsi target2:0:0: Ending Domain Validation
[   22.178485] scsi target2:0:0: asynchronous
[   22.181242] scsi 2:0:1:0: Direct-Access     VBOX     HARDDISK         1.0  PQ: 0 ANSI: 5
[   22.230189] scsi target2:0:1: Beginning Domain Validation
[   22.237820] scsi target2:0:1: Domain Validation skipping write tests
[   22.246475] scsi target2:0:1: Ending Domain Validation
[   22.272764] scsi target2:0:1: asynchronous
[   22.290103] sd 2:0:0:0: Attached scsi generic sg0 type 0
[   22.295701] sd 2:0:0:0: [sda] 20971520 512-byte logical blocks: (10.7 GB/10.0 GiB)
[   22.295880] sd 2:0:0:0: [sda] Write Protect is off
[   22.296101] sd 2:0:0:0: [sda] Incomplete mode parameter data
[   22.296102] sd 2:0:0:0: [sda] Assuming drive cache: write through
[   22.298416]  sda: sda1
[   22.299149] sd 2:0:0:0: [sda] Attached SCSI disk
[   22.394462] sd 2:0:1:0: Attached scsi generic sg1 type 0
[   22.394578] sd 2:0:1:0: [sdb] 20480 512-byte logical blocks: (10.5 MB/10.0 MiB)
[   22.394822] sd 2:0:1:0: [sdb] Write Protect is off
[   22.394931] sd 2:0:1:0: [sdb] Incomplete mode parameter data
[   22.394932] sd 2:0:1:0: [sdb] Assuming drive cache: write through
[   22.398127] sd 2:0:1:0: [sdb] Attached SCSI disk
Begin: Loading e[   23.929247] md: linear personality registered for level -1
ssential drivers ... [   23.989246] md: multipath personality registered for level -4
[   24.021877] md: raid0 personality registered for level 0
[   24.043779] md: raid1 personality registered for level 1
[   24.139516] raid6: sse2x1   gen()  7894 MB/s
[   24.219540] raid6: sse2x1   xor()  4166 MB/s
[   24.307954] raid6: sse2x2   gen()  7471 MB/s
[   24.407473] raid6: sse2x2   xor()  7299 MB/s
[   24.515486] raid6: sse2x4   gen() 11842 MB/s
[   24.635664] raid6: sse2x4   xor()  9022 MB/s
[   24.688219] raid6: using algorithm sse2x4 gen() 11842 MB/s
[   24.754379] raid6: .... xor() 9022 MB/s, rmw enabled
[   24.764995] raid6: using ssse3x2 recovery algorithm
[   24.812325] xor: automatically using best checksumming function:
[   24.871671]    avx       : 18048.000 MB/sec
[   24.925504] async_tx: api initialized (async)
[   24.970177] md: raid6 personality registered for level 6
[   25.002564] md: raid5 personality registered for level 5
[   25.019931] md: raid4 personality registered for level 4
[   25.043611] md: raid10 personality registered for level 10
done.
Begin: Running /scripts/init-premount ... done.
Begin: Mounting root file system ... Begin: Running /scripts/local-top ... done.
Begin: Runn[   25.157171] Btrfs loaded
ing /scripts/local-premount ... Scanning for Btrfs filesystems
done.
Warning: fsck not present, so skipping root file[   25.242473] EXT4-fs (sda1): mounted filesystem with ordered data mode. Opts: (null)
 system
done.
Begin: Running /scripts/local-bottom ... done.
Begin: Running /scripts/init-bottom ... Warning: overlayroot: debug is busted
done.
[   25.418049] systemd[1]: systemd 229 running in system mode. (+PAM +AUDIT +SELINUX +IMA +APPARMOR +SMACK +SYSVINIT +UTMP +LIBCRYPTSETUP +GCRYPT +GNUTLS +ACL +XZ -LZ4 +SECCOMP +BLKID +ELFUTILS +KMOD -IDN)
[   25.443568] systemd[1]: Detected virtualization oracle.
[   25.493194] systemd[1]: Detected architecture x86-64.

Welcome to [1mUbuntu 16.04.1 LTS[0m!

[   25.523562] systemd[1]: Set hostname to <ubuntu-xenial>.
[ 25035]sytemd[1] Created sicUs and Sesi Sle.
[[0;32m  OK  [0m] Created slice User and Session Slice.
[ 26.287974] systed[1]: Set up autoou AbiarExutleilFoat Fle Sst Aomunt int.

[[0;32m  OK  [0m] Set up automount Arbitrary Executab...ats File System Automount Point.
[   27.261015] syemd[1]: Reached target Encrypted Volumes.
[[0;32m  OK  [0m] Reached target Encrypted Volumes.
[ 274061] ysmd[1]: Listening on Syslog Socket.
[[0;32m  OK  [0m] Listening on Syslog Socket.
[ 273598] systemd[1]: eaedarget User and Grou NameLokups.
[[0;32m  OK  [0m] Reached target User and Group Name Lookups.
[   28.935606] systemd[1]: Started Forward Password Requests to Wllirctry Wch
[[0;32m  OK  [0m] Started Forward Password Requests to Wall Directory Watch.
[   29.31535] sysem[1 Lstni o/d/itc Cpabiity am Ppe

[[0;32m  OK  [0m] Listening on /dev/initctl Compatibility Named Pipe.
[   300597] stmd[1]: Lteing  Dvie-mapper vent demon FIFOs.
[[0;32m  OK  [0m] Listening on Device-mapper event daemon FIFOs.
[   0.49] systemd[1]: stnig on udev Kernel Socket.

[[0;32m  OK  [0m] Listening on udev Kernel Socket.
[ 3119606]ystemd[1]: Listening on Journal Socket.
[[0;32m  OK  [0m] Listening on Journal Socket.
[   31.388028] systemd[1]: Listening on LVM2 poll daemon socket.
[[0;32m  OK  [0m] Listening on LVM2 poll daemon socket.
[   31.3943 ste[1]: Created slice System Slice.
[[0;32m  OK  [0m] Created slice System Slice.
[   3824357] systemd[1]Crted lie system-postgresql.slice.
[[0;32m  OK  [0m] Created slice system-postgresql.slice.
[   32.120267] systemd[1]: Mounting Debug File System...
[   32.142618] random: nonblocking pool is initialized
         Mounting Debug File System...
[   32.199899] systemd[1]: Mounting Huge Pages File System...
         Mounting Huge Pages File System...
[   32.257325] systemd[1]: Starting Uncomplicated firewall...
         Starting Uncomplicated firewall...
[   32.360096] systemd[1]: Starting Set console keymap...
         Starting Set console keymap...
[   32.484210] systemd[1]: Created slice system-serial\x2dgetty.slice.
[[0;32m  OK  [0m] Created slice system-serial\x2dgetty.slice.
[  32.535005] systemd[1]: Reached target Slices.
[ [0;32m  OK  [0m] Reached target Slices.
[   32.837537] systemd[1]: Listening on udev Control Socket.
[[0;32m  OK  [0m] Listening on udev Control Socket.
[   32.907138] systemd[1]: Starting Remount Root and Kernel File Systems...
         Starting Remount Root and Kernel File Systems...[   32.914424] EXT4-fs (sda1): re-mounted. Opts: (null)

[   32.965828] systemd[1]: Starting Nameserver information manager...
         Starting Nameserver information manager...
[   33.045871] systemd[1]: Listening on Journal Socket (/dev/log).
[[0;32m  OK  [0m] Listening on Journal Socket (/dev/log).
[   33.132301] systemd[1]: Starting Load Kernel Modules...
         Starting Load Kernel Modules...
[   33.160603] systemd[1]: Listening on Journal Audit Socket.
[   33.180802] Loading iSCSI transport class v2.0-870.
[[0;32m  OK  [0m] Listening on Journal Audit Socket.
[   33.212297] iscsi: registered transport (tcp)
[   33.232720] systemd[1]: Starting Journal Service...
         Starting Journal Service...
[   33.407232] systemd[1]: Listening on LVM2 metadata daemon socket.
[[0;32m  OK  [0m] Listening on LVM2 metadata daemon socket.
[   33.451931] iscsi: registered transport (iser)
[   33.473278] systemd[1]: Starting Monitoring of LVM2 mirrors, snapshots etc. using dmeventd or progress polling...
         Starting Monitoring of LVM2 mirrors... dmeventd or progress polling...
[   33.566] sysem[1: Rched targe Sap.
[[0;32m  OK  [0m] Reached target Swap.
[   33.944199] systemd[1]: Starting Create list of required static device nodes for the current kernel...
         Starting Create list of required st... nodes for the current kernel...
[   34.016004] systemd[1]: Mounting POSIX Message Queue File System...
         Mounting POSIX Message Queue File System...
[   34.042484] systemd[1]: Mounted Huge Pages File System.
[[0;32m  OK  [0m] Mounted Huge Pages File System.
[   34.266367] systemd[1]: MountedDeg File Ste
[[0;32m  OK  [0m] Mounted Debug File System.
[ 345892sytemd[1]: MountePOIXMessage Queue File System.
[[0;32m  OK  [0m] Mounted POSIX Message Queue File System.
[   34.949405] systemd[1]: Started Journal Service.
[[0;32m  OK  [0m] Started Journal Service.
[[0;32m  OK  [0m] Started Uncomplicated firewall.
[[0;32m  OK  [0m] Started Set console keymap.
[[0;32m  OK  [0m] Started Remount Root and Kernel File Systems.
[[0;32m  OK  [0m] Started Load Kernel Modules.
[[0;32m  OK  [0m] Started Create list of required sta...ce nodes for the current kernel.
[[0;32m  OK  [0m] Started Nameserver information manager.
[[0;32m  OK  [0m] Started LVM2 metadata daemon.
         Starting Create Static Device Nodes in /dev...
         Starting Apply Kernel Variables...
         Mounting FUSE Control File System...
         Starting Load/Save Random Seed...
         Starting udev Coldplug all Devices...
         Starting Flush Journal to Persistent Storage...
[[0;32m  OK  [0m] Mounted FUSE Control File System.
[[0;32m  OK  [0m] Started Create Static Device Nodes in /dev.
[[0;32m  OK  [0m] Started Apply Kernel Variables.
[[0;32m  OK  [0m] Started Load/Save Random Seed.
[[0;32m  OK  [0m] Started Flush Journal to Persistent Storage.
[[0;32m  OK  [0m] Started udev Coldplug all Devices.
         Starting udev Kernel Device Manager...
[[0;32m  OK  [0m] Started udev Kernel Device Manager.
[[0;32m  OK  [0m] Started Dispatch Password Requests to Console Directory Watch.
[[0;32m  OK  [0m] Started Monitoring of LVM2 mirrors,...ng dmeventd or progress polling.
[[0;32m  OK  [0m] Found device /dev/ttyS0.
[[0;32m  OK  [0m] Reached target Local File Systems (Pre).
[[0;32m  OK  [0m] Reached target Local File Systems.
         Starting Set console font and keymap...
         Starting Initial cloud-init job (pre-networking)...
         Starting Tell Plymouth To Write Out Runtime Data...
         Starting Create Volatile Files and Directories...
         Starting Run snappy firstboot setup...
         Starting LSB: AppArmor initialization...
[[0;32m  OK  [0m] Started Tell Plymouth To Write Out Runtime Data.
[[0;32m  OK  [0m] Started Create Volatile Files and Directories.
[   28.014312] cloud-init[601]: Cloud-init v. 0.7.7 running 'init-local' at Sun, 27 Nov 2016 08:31:59 +0000. Up 27.71 seconds.
[[0;32m  OK  [0m] Started Run snappy firstboot setup.
[[0;32m  OK  [0m] Started Set console font and keymap.
[[0;32m  OK  [0m] Started Initial cloud-init job (pre-networking).
[[0;32m  OK  [0m] Listening on Load/Save RF Kill Switch Status /dev/rfkill Watch.
[[0;32m  OK  [0m] Created slice system-getty.slice.
[[0;32m  OK  [0m] Reached target Network (Pre).
         Starting Update UTMP about System Boot/Shutdown...
[[0;32m  OK  [0m] Reached target System Time Synchronized.
[[0;32m  OK  [0m] Started Update UTMP about System Boot/Shutdown.
[[0;32m  OK  [0m] Started LSB: AppArmor initialization.
         Starting Raise network interfaces...
[[0;32m  OK  [0m] Reached target System Initialization.
[[0;32m  OK  [0m] Started Daily Cleanup of Temporary Directories.
         Starting LXD - unix socket.
[[0;32m  OK  [0m] Listening on UUID daemon activation socket.
[[0;32m  OK  [0m] Started ACPI Events Check.
[[0;32m  OK  [0m] Listening on D-Bus System Message Bus Socket.
[[0;32m  OK  [0m] Started Daily apt activities.
[[0;32m  OK  [0m] Reached target Paths.
         Starting Socket activation for snappy daemon.
[[0;32m  OK  [0m] Listening on ACPID Listen Socket.
[[0;32m  OK  [0m] Started Timer to automatically refresh installed snaps.
[[0;32m  OK  [0m] Reached target Timers.
[[0;32m  OK  [0m] Started ifup for enp0s3.
[[0;32m  OK  [0m] Listening on LXD - unix socket.
[[0;32m  OK  [0m] Listening on Socket activation for snappy daemon.
[[0;32m  OK  [0m] Reached target Sockets.
[[0;32m  OK  [0m] Reached target Basic System.
[[0;32m  OK  [0m] Started FUSE filesystem for LXC.
[[0;32m  OK  [0m] Started Regular background program processing daemon.
         Starting LSB: Record successful boot for GRUB...
[[0;32m  OK  [0m] Started D-Bus System Message Bus.
         Starting Login Service...
         Starting LSB: MD monitoring daemon...
         Starting Accounts Service...
[[0;32m  OK  [0m] Started ACPI event daemon.
         Starting LXD - container startup/shutdown...
[[0;32m  OK  [0m] Started Deferred execution scheduler.
[[0;32m  OK  [0m] Started Snappy daemon.
         Starting System Logging Service...
         Starting PostgreSQL Cluster 9.5-main...
[[0;32m  OK  [0m] Started System Logging Service.
[[0;32m  OK  [0m] Started LXD - container startup/shutdown.
[[0;32m  OK  [0m] Started LSB: Record successful boot for GRUB.
[[0;32m  OK  [0m] Started LSB: MD monitoring daemon.
[[0;32m  OK  [0m] Started Login Service.
         Starting Authenticate and Authorize Users to Run Privileged Tasks...
[[0;32m  OK  [0m] Started Authenticate and Authorize Users to Run Privileged Tasks.
[[0;32m  OK  [0m] Started Accounts Service.
[[0;32m  OK  [0m] Started Raise network interfaces.
         Starting Initial cloud-init job (metadata service crawler)...
[[0;32m  OK  [0m] Reached target Network.
[   30.633539] cloud-init[1063]: Cloud-init v. 0.7.7 running 'init' at Sun, 27 Nov 2016 08:32:02 +0000. Up 30.38 seconds.
[[0;32m  OK  [0m] Started Initial cloud-init job (metadata service crawler).
[   30.714718] cloud-init[1063]: [[0;32m  OK  [0m] Reached target Network is Online.
ci-info: +++++++++++++++++++++++++++++++++++++Net device info++++++++++++++++++++++++++++++++++++++
[   30.744472] cloud-init[1063]: ci-info: +--------+------+----------------------------+---------------+-------+-------------------+
[   30.823988]          cloud-initStarting /etc/rc.local Compatibility...[1063]: 
ci-info: | Device |  Up  |          Address           |      Mask     | Scope |     Hw-Address    |
[   30.888758]          Starting iSCSI initiator daemon (iscsid)...
cloud-init[1063]: ci-info: +--------+------+----------------------------+---------------+-------+-------------------+
[   30.901127] cloud-init[1063]: ci-info: |   lo   | True |         127.0.0.1          |   255.0.0.0   |   .   |         .         |
[   30.906844] cloud-init[1063]: ci-info: |   lo   | True |          ::1/128           |       .       |  host |         .         |
         Starting OpenBSD Secure Shell server...
[[0;32m  OK  [0m] Reached target Cloud-config availability.
[   30.917630]          cloud-initStarting Apply the settings specified in cloud-config...[1063]: 
ci-info: | enp0s3 | True |         10.0.2.15          | 255.255.255.0 |   .   | 02:b6:a4:d7:19:c6 |
[   31.036987] [cloud-init[0;32m  OK  [0m[1063]: ] ci-info: | enp0s3 | True | fe80::b6:a4ff:fed7:19c6/64 |       .       |  link | 02:b6:a4:d7:19:c6 |Started /etc/rc.local Compatibility.

[   31.037583] cloud-init[1063]: ci-info: +--------+------+----------------------------+---------------+-------+-------------------+
[   31.074755] cloud-init[1063]: ci-info: +++++++++++++++++++++++++++Route IPv4 info++++++++++++++++++++++++++++
[   31.192498] [cloud-init[0;32m  OK  [0m[1063]: ] ci-info: +-------+-------------+----------+---------------+-----------+-------+Started OpenBSD Secure Shell server.

[[0;32m  OK  [0m] Started iSCSI initiator daemon (iscsid).
[   31.193259] cloud-init[1063]: ci-info: | Route | Destination | Gateway  |    Genmask    | Interface | Flags |
[   31.312353] cloud-init[1063]: ci-info: +-------+-------------+----------+---------------+-----------+-------+
[   31.361382]          cloud-initStarting Login to default iSCSI targets...[1063]: 
ci-info: |   0   |   0.0.0.0   | 10.0.2.2 |    0.0.0.0    |   enp0s3  |   UG  |
[[0;32m  OK  [0m] Started Login to default iSCSI targets.
[[0;32m  OK  [0m] Reached target Remote File Systems (Pre).
[[0;32m  OK  [0m] Reached target Remote File Systems.
[   31.433188] cloud-init[1063]: ci-info: |   1   |   10.0.2.0  | 0.0.0.0  | 255.255.255.0 |   enp0s3  |   U   |
[   31.568876]          cloud-initStarting LSB: Start/stop sysstat's sadc...[1063]: 
ci-info: +-------+-------------+----------+---------------+-----------+-------+
[   31.689815] cloud-init[1119]: Cloud-init v. 0.7.7 running 'modules:config' at Sun, 27 Nov 2016 08:32:03 +0000. Up 31.31 seconds.
         Starting Permit User Sessions...
         Starting LSB: VirtualBox Linux Additions...
         Starting LSB: daemon to balance interrupts for SMP systems...
         Starting LSB: automatic crash report generation...
         Starting LSB: Set the CPU Frequency Scaling governor to "ondemand"...
[[0;32m  OK  [0m] Started Apply the settings specified in cloud-config.
[[0;32m  OK  [0m] Started PostgreSQL Cluster 9.5-main.
[[0;32m  OK  [0m] Started Permit User Sessions.
[[0;32m  OK  [0m] Started LSB: Start/stop sysstat's sadc.
         Starting Hold until boot process finishes up...
         Starting Terminate Plymouth Boot Screen...
         Starting PostgreSQL RDBMS...
         Starting Execute cloud user/final scripts...
[[0;32m  OK  [0m] Started LSB: VirtualBox Linux Additions.
[[0;32m  OK  [0m] Started LSB: daemon to balance interrupts for SMP systems.
[[0;32m  OK  [0m] Started LSB: automatic crash report generation.
[[0;32m  OK  [0m] Started LSB: Set the CPU Frequency Scaling governor to "ondemand".
[[0;32m  OK  [0m] Started Hold until boot process finishes up.
[[0;32m  OK  [0m] Started Terminate Plymouth Boot Screen.
[[0;32m  OK  [0m] Started PostgreSQL RDBMS.
         Starting Set console scheme...
[[0;32m  OK  [0m] Started Getty on tty1.
[[0;32m  OK  [0m] Started Serial Getty on ttyS0.
[[0;32m  OK  [0m] Reached target Login Prompts.
[   32.557459] cloud-init[1218]: Cloud-init v. 0.7.7 running 'modules:final' at Sun, 27 Nov 2016 08:32:04 +0000. Up 32.47 seconds.
[   32.664612] [cloud-init[0;32m  OK  [0m[1218]: ] Cloud-init v. 0.7.7 finished at Sun, 27 Nov 2016 08:32:04 +0000. Datasource DataSourceNoCloud [seed=/dev/sdb][dsmode=net].  Up 32.55 secondsStarted Execute cloud user/final scripts.

[[0;32m  OK  [0m] Started Set console scheme.
[[0;32m  OK  [0m] Reached target Cloud-init target.
[[0;32m  OK  [0m] Reached target Multi-User System.
[[0;32m  OK  [0m] Reached target Graphical Interface.
         Starting Update UTMP about System Runlevel Changes...
         Starting Notify bootloader that boot was successful...
[[0;32m  OK  [0m] Started Notify bootloader that boot was successful.
[[0;32m  OK  [0m] Started Update UTMP about System Runlevel Changes.

Ubuntu 16.04.1 LTS ubuntu-xenial ttyS0

ubuntu-xenial login: 